<?xml version="1.0" encoding="UTF-8"?>
<testng-results skipped="1" failed="0" ignored="0" total="1" passed="0">
  <reporter-output>
  </reporter-output>
  <suite name="Default suite" duration-ms="101" started-at="2018-11-27T09:56:13Z" finished-at="2018-11-27T09:56:13Z">
    <groups>
    </groups>
    <test name="Default test" duration-ms="101" started-at="2018-11-27T09:56:13Z" finished-at="2018-11-27T09:56:13Z">
      <class name="Testcases.FooterTest">
        <test-method status="FAIL" signature="initialize()[pri:0, instance:Testcases.FooterTest@32709393]" name="initialize" is-config="true" duration-ms="103" started-at="2018-11-27T09:56:12Z" finished-at="2018-11-27T09:56:13Z">
          <exception class="java.lang.Error">
            <message>
              <![CDATA[Unresolved compilation problems: 
	The type org.apache.poi.common.usermodel.HyperlinkType cannot be resolved. It is indirectly referenced from required .class files
	Type mismatch: cannot convert from Hyperlink to XSSFHyperlink
]]>
            </message>
            <full-stacktrace>
              <![CDATA[java.lang.Error: Unresolved compilation problems: 
	The type org.apache.poi.common.usermodel.HyperlinkType cannot be resolved. It is indirectly referenced from required .class files
	Type mismatch: cannot convert from Hyperlink to XSSFHyperlink

	at datatable.Xls_Reader.<init>(Xls_Reader.java:563)
	at Testcases.Testbase.initialize(Testbase.java:57)
	at sun.reflect.NativeMethodAccessorImpl.invoke0(Native Method)
	at sun.reflect.NativeMethodAccessorImpl.invoke(Unknown Source)
	at sun.reflect.DelegatingMethodAccessorImpl.invoke(Unknown Source)
	at java.lang.reflect.Method.invoke(Unknown Source)
	at org.testng.internal.MethodInvocationHelper.invokeMethod(MethodInvocationHelper.java:108)
	at org.testng.internal.Invoker.invokeConfigurationMethod(Invoker.java:523)
	at org.testng.internal.Invoker.invokeConfigurations(Invoker.java:224)
	at org.testng.internal.Invoker.invokeConfigurations(Invoker.java:146)
	at org.testng.SuiteRunner.privateRun(SuiteRunner.java:326)
	at org.testng.SuiteRunner.run(SuiteRunner.java:289)
	at org.testng.SuiteRunnerWorker.runSuite(SuiteRunnerWorker.java:52)
	at org.testng.SuiteRunnerWorker.run(SuiteRunnerWorker.java:86)
	at org.testng.TestNG.runSuitesSequentially(TestNG.java:1301)
	at org.testng.TestNG.runSuitesLocally(TestNG.java:1226)
	at org.testng.TestNG.runSuites(TestNG.java:1144)
	at org.testng.TestNG.run(TestNG.java:1115)
	at org.testng.remote.AbstractRemoteTestNG.run(AbstractRemoteTestNG.java:114)
	at org.testng.remote.RemoteTestNG.initAndRun(RemoteTestNG.java:251)
	at org.testng.remote.RemoteTestNG.main(RemoteTestNG.java:77)
]]>
            </full-stacktrace>
          </exception> <!-- java.lang.Error -->
          <reporter-output>
          </reporter-output>
        </test-method> <!-- initialize -->
        <test-method status="SKIP" signature="testFooter()[pri:0, instance:Testcases.FooterTest@32709393]" name="testFooter" duration-ms="1" started-at="2018-11-27T09:56:13Z" finished-at="2018-11-27T09:56:13Z">
          <exception class="java.lang.Error">
            <message>
              <![CDATA[Unresolved compilation problems: 
	The type org.apache.poi.common.usermodel.HyperlinkType cannot be resolved. It is indirectly referenced from required .class files
	Type mismatch: cannot convert from Hyperlink to XSSFHyperlink
]]>
            </message>
            <full-stacktrace>
              <![CDATA[java.lang.Error: Unresolved compilation problems: 
	The type org.apache.poi.common.usermodel.HyperlinkType cannot be resolved. It is indirectly referenced from required .class files
	Type mismatch: cannot convert from Hyperlink to XSSFHyperlink

	at datatable.Xls_Reader.<init>(Xls_Reader.java:563)
	at Testcases.Testbase.initialize(Testbase.java:57)
	at sun.reflect.NativeMethodAccessorImpl.invoke0(Native Method)
	at sun.reflect.NativeMethodAccessorImpl.invoke(Unknown Source)
	at sun.reflect.DelegatingMethodAccessorImpl.invoke(Unknown Source)
	at java.lang.reflect.Method.invoke(Unknown Source)
	at org.testng.internal.MethodInvocationHelper.invokeMethod(MethodInvocationHelper.java:108)
	at org.testng.internal.Invoker.invokeConfigurationMethod(Invoker.java:523)
	at org.testng.internal.Invoker.invokeConfigurations(Invoker.java:224)
	at org.testng.internal.Invoker.invokeConfigurations(Invoker.java:146)
	at org.testng.SuiteRunner.privateRun(SuiteRunner.java:326)
	at org.testng.SuiteRunner.run(SuiteRunner.java:289)
	at org.testng.SuiteRunnerWorker.runSuite(SuiteRunnerWorker.java:52)
	at org.testng.SuiteRunnerWorker.run(SuiteRunnerWorker.java:86)
	at org.testng.TestNG.runSuitesSequentially(TestNG.java:1301)
	at org.testng.TestNG.runSuitesLocally(TestNG.java:1226)
	at org.testng.TestNG.runSuites(TestNG.java:1144)
	at org.testng.TestNG.run(TestNG.java:1115)
	at org.testng.remote.AbstractRemoteTestNG.run(AbstractRemoteTestNG.java:114)
	at org.testng.remote.RemoteTestNG.initAndRun(RemoteTestNG.java:251)
	at org.testng.remote.RemoteTestNG.main(RemoteTestNG.java:77)
]]>
            </full-stacktrace>
          </exception> <!-- java.lang.Error -->
          <reporter-output>
          </reporter-output>
        </test-method> <!-- testFooter -->
      </class> <!-- Testcases.FooterTest -->
    </test> <!-- Default test -->
  </suite> <!-- Default suite -->
</testng-results>
