<?xml version="1.0" encoding="UTF-8"?>
<testng-results skipped="0" failed="0" ignored="0" total="1" passed="1">
  <reporter-output>
  </reporter-output>
  <suite name="Default suite" duration-ms="114" started-at="2018-11-27T16:20:13Z" finished-at="2018-11-27T16:20:13Z">
    <groups>
    </groups>
    <test name="Default test" duration-ms="114" started-at="2018-11-27T16:20:13Z" finished-at="2018-11-27T16:20:13Z">
      <class name="FifthProject.ProjectFive.Testing">
        <test-method status="PASS" signature="Login()[pri:0, instance:FifthProject.ProjectFive.Testing@123f1134]" name="Login" duration-ms="28" started-at="2018-11-27T16:20:13Z" finished-at="2018-11-27T16:20:13Z">
          <reporter-output>
          </reporter-output>
        </test-method> <!-- Login -->
      </class> <!-- FifthProject.ProjectFive.Testing -->
    </test> <!-- Default test -->
  </suite> <!-- Default suite -->
</testng-results>
