<?xml version="1.0" encoding="UTF-8"?>
<testng-results skipped="0" failed="0" ignored="0" total="1" passed="1">
  <reporter-output>
  </reporter-output>
  <suite name="Default suite" duration-ms="139" started-at="2018-11-27T15:14:41Z" finished-at="2018-11-27T15:14:41Z">
    <groups>
    </groups>
    <test name="Default test" duration-ms="139" started-at="2018-11-27T15:14:41Z" finished-at="2018-11-27T15:14:41Z">
      <class name="com.org.Maventhree.ThirdProject.ToTry">
        <test-method status="PASS" signature="Login()[pri:0, instance:com.org.Maventhree.ThirdProject.ToTry@cb5822]" name="Login" duration-ms="37" started-at="2018-11-27T15:14:41Z" finished-at="2018-11-27T15:14:41Z">
          <reporter-output>
          </reporter-output>
        </test-method> <!-- Login -->
      </class> <!-- com.org.Maventhree.ThirdProject.ToTry -->
    </test> <!-- Default test -->
  </suite> <!-- Default suite -->
</testng-results>
